[    0.000000] Initializing cgroup subsys cpuset
[    0.000000] Initializing cgroup subsys cpu
[    0.000000] Initializing cgroup subsys cpuacct
[    0.000000] Linux version 4.4.0-146-generic (buildd@lcy01-amd64-025) (gcc version 5.4.0 20160609 (Ubuntu 5.4.0-6ubuntu1~16.04.10) ) #172-Ubuntu SMP Wed Apr 3 09:00:08 UTC 2019 (Ubuntu 4.4.0-146.172-generic 4.4.177)
[    0.000000] Command line: BOOT_IMAGE=/boot/vmlinuz-4.4.0-146-generic root=LABEL=cloudimg-rootfs ro console=tty1 console=ttyS0
[    0.000000] KERNEL supported cpus:
[    0.000000]   Intel GenuineIntel
[    0.000000]   AMD AuthenticAMD
[    0.000000]   Centaur CentaurHauls
[    0.000000] x86/fpu: xstate_offset[2]:  576, xstate_sizes[2]:  256
[    0.000000] x86/fpu: Supporting XSAVE feature 0x01: 'x87 floating point registers'
[    0.000000] x86/fpu: Supporting XSAVE feature 0x02: 'SSE registers'
[    0.000000] x86/fpu: Supporting XSAVE feature 0x04: 'AVX registers'
[    0.000000] x86/fpu: Enabled xstate features 0x7, context size is 832 bytes, using 'standard' format.
[    0.000000] e820: BIOS-provided physical RAM map:
[    0.000000] BIOS-e820: [mem 0x0000000000000000-0x000000000009fbff] usable
[    0.000000] BIOS-e820: [mem 0x000000000009fc00-0x000000000009ffff] reserved
[    0.000000] BIOS-e820: [mem 0x00000000000f0000-0x00000000000fffff] reserved
[    0.000000] BIOS-e820: [mem 0x0000000000100000-0x00000000dffeffff] usable
[    0.000000] BIOS-e820: [mem 0x00000000dfff0000-0x00000000dfffffff] ACPI data
[    0.000000] BIOS-e820: [mem 0x00000000fec00000-0x00000000fec00fff] reserved
[    0.000000] BIOS-e820: [mem 0x00000000fee00000-0x00000000fee00fff] reserved
[    0.000000] BIOS-e820: [mem 0x00000000fffc0000-0x00000000ffffffff] reserved
[    0.000000] BIOS-e820: [mem 0x0000000100000000-0x000000011fffffff] usable
[    0.000000] NX (Execute Disable) protection: active
[    0.000000] SMBIOS 2.5 present.
[    0.000000] Hypervisor detected: KVM
[    0.000000] e820: last_pfn = 0x120000 max_arch_pfn = 0x400000000
[    0.000000] MTRR: Disabled
[    0.000000] x86/PAT: MTRRs disabled, skipping PAT initialization too.
[    0.000000] CPU MTRRs all blank - virtualized system.
[    0.000000] x86/PAT: Configuration [0-7]: WB  WT  UC- UC  WB  WT  UC- UC  
[    0.000000] e820: last_pfn = 0xdfff0 max_arch_pfn = 0x400000000
[    0.000000] found SMP MP-table at [mem 0x0009fff0-0x0009ffff] mapped at [ffff88000009fff0]
[    0.000000] Scanning 1 areas for low memory corruption
[    0.000000] RAMDISK: [mem 0x362fa000-0x37174fff]
[    0.000000] ACPI: Early table checksum verification disabled
[    0.000000] ACPI: RSDP 0x00000000000E0000 000024 (v02 VBOX  )
[    0.000000] ACPI: XSDT 0x00000000DFFF0030 00003C (v01 VBOX   VBOXXSDT 00000001 ASL  00000061)
[    0.000000] ACPI: FACP 0x00000000DFFF00F0 0000F4 (v04 VBOX   VBOXFACP 00000001 ASL  00000061)
[    0.000000] ACPI: DSDT 0x00000000DFFF0470 0022EA (v02 VBOX   VBOXBIOS 00000002 INTL 20100528)
[    0.000000] ACPI: FACS 0x00000000DFFF0200 000040
[    0.000000] ACPI: FACS 0x00000000DFFF0200 000040
[    0.000000] ACPI: APIC 0x00000000DFFF0240 00005C (v02 VBOX   VBOXAPIC 00000001 ASL  00000061)
[    0.000000] ACPI: SSDT 0x00000000DFFF02A0 0001CC (v01 VBOX   VBOXCPUT 00000002 INTL 20100528)
[    0.000000] No NUMA configuration found
[    0.000000] Faking a node at [mem 0x0000000000000000-0x000000011fffffff]
[    0.000000] NODE_DATA(0) allocated [mem 0x11fff7000-0x11fffbfff]
[    0.000000] kvm-clock: Using msrs 4b564d01 and 4b564d00
[    0.000000] kvm-clock: cpu 0, msr 1:1ffef001, primary cpu clock
[    0.000000] kvm-clock: using sched offset of 3510741474 cycles
[    0.000000] clocksource: kvm-clock: mask: 0xffffffffffffffff max_cycles: 0x1cd42e4dffb, max_idle_ns: 881590591483 ns
[    0.000000] Zone ranges:
[    0.000000]   DMA      [mem 0x0000000000001000-0x0000000000ffffff]
[    0.000000]   DMA32    [mem 0x0000000001000000-0x00000000ffffffff]
[    0.000000]   Normal   [mem 0x0000000100000000-0x000000011fffffff]
[    0.000000]   Device   empty
[    0.000000] Movable zone start for each node
[    0.000000] Early memory node ranges
[    0.000000]   node   0: [mem 0x0000000000001000-0x000000000009efff]
[    0.000000]   node   0: [mem 0x0000000000100000-0x00000000dffeffff]
[    0.000000]   node   0: [mem 0x0000000100000000-0x000000011fffffff]
[    0.000000] Initmem setup node 0 [mem 0x0000000000001000-0x000000011fffffff]
[    0.000000] ACPI: PM-Timer IO Port: 0x4008
[    0.000000] IOAPIC[0]: apic_id 2, version 32, address 0xfec00000, GSI 0-23
[    0.000000] ACPI: INT_SRC_OVR (bus 0 bus_irq 0 global_irq 2 dfl dfl)
[    0.000000] ACPI: INT_SRC_OVR (bus 0 bus_irq 9 global_irq 9 low level)
[    0.000000] Using ACPI (MADT) for SMP configuration information
[    0.000000] smpboot: Allowing 2 CPUs, 0 hotplug CPUs
[    0.000000] PM: Registered nosave memory: [mem 0x00000000-0x00000fff]
[    0.000000] PM: Registered nosave memory: [mem 0x0009f000-0x0009ffff]
[    0.000000] PM: Registered nosave memory: [mem 0x000a0000-0x000effff]
[    0.000000] PM: Registered nosave memory: [mem 0x000f0000-0x000fffff]
[    0.000000] PM: Registered nosave memory: [mem 0xdfff0000-0xdfffffff]
[    0.000000] PM: Registered nosave memory: [mem 0xe0000000-0xfebfffff]
[    0.000000] PM: Registered nosave memory: [mem 0xfec00000-0xfec00fff]
[    0.000000] PM: Registered nosave memory: [mem 0xfec01000-0xfedfffff]
[    0.000000] PM: Registered nosave memory: [mem 0xfee00000-0xfee00fff]
[    0.000000] PM: Registered nosave memory: [mem 0xfee01000-0xfffbffff]
[    0.000000] PM: Registered nosave memory: [mem 0xfffc0000-0xffffffff]
[    0.000000] e820: [mem 0xe0000000-0xfebfffff] available for PCI devices
[    0.000000] Booting paravirtualized kernel on KVM
[    0.000000] clocksource: refined-jiffies: mask: 0xffffffff max_cycles: 0xffffffff, max_idle_ns: 7645519600211568 ns
[    0.000000] setup_percpu: NR_CPUS:512 nr_cpumask_bits:512 nr_cpu_ids:2 nr_node_ids:1
[    0.000000] PERCPU: Embedded 34 pages/cpu @ffff88011fc00000 s99480 r8192 d31592 u1048576
[    0.000000] Built 1 zonelists in Node order, mobility grouping on.  Total pages: 1032056
[    0.000000] Policy zone: Normal
[    0.000000] Kernel command line: BOOT_IMAGE=/boot/vmlinuz-4.4.0-146-generic root=LABEL=cloudimg-rootfs ro console=tty1 console=ttyS0
[    0.000000] PID hash table entries: 4096 (order: 3, 32768 bytes)
[    0.000000] Memory: 4028244K/4193848K available (8609K kernel code, 1334K rwdata, 4028K rodata, 1484K init, 1284K bss, 165604K reserved, 0K cma-reserved)
[    0.000000] SLUB: HWalign=64, Order=0-3, MinObjects=0, CPUs=2, Nodes=1
[    0.000000] Kernel/User page tables isolation: enabled
[    0.000000] Hierarchical RCU implementation.
[    0.000000] 	Build-time adjustment of leaf fanout to 64.
[    0.000000] 	RCU restricting CPUs from NR_CPUS=512 to nr_cpu_ids=2.
[    0.000000] RCU: Adjusting geometry for rcu_fanout_leaf=64, nr_cpu_ids=2
[    0.000000] NR_IRQS:33024 nr_irqs:440 16
[    0.000000] Console: colour VGA+ 80x25
[    0.000000] console [tty1] enabled
[    0.000000] console [ttyS0] enabled
[    0.000000] tsc: Detected 3504.000 MHz processor
[    0.304523] Calibrating delay loop (skipped) preset value.. 7008.00 BogoMIPS (lpj=14016000)
[    0.306317] pid_max: default: 32768 minimum: 301
[    0.307586] ACPI: Core revision 20150930
[    0.311004] ACPI: 2 ACPI AML tables successfully acquired and loaded
[    0.313687] Security Framework initialized
[    0.314566] Yama: becoming mindful.
[    0.315352] AppArmor: AppArmor initialized
[    0.319613] Dentry cache hash table entries: 524288 (order: 10, 4194304 bytes)
[    0.324813] Inode-cache hash table entries: 262144 (order: 9, 2097152 bytes)
[    0.327865] Mount-cache hash table entries: 8192 (order: 4, 65536 bytes)
[    0.329651] Mountpoint-cache hash table entries: 8192 (order: 4, 65536 bytes)
[    0.332462] Initializing cgroup subsys io
[    0.333519] Initializing cgroup subsys memory
[    0.334450] Initializing cgroup subsys devices
[    0.335388] Initializing cgroup subsys freezer
[    0.336349] Initializing cgroup subsys net_cls
[    0.337336] Initializing cgroup subsys perf_event
[    0.338771] Initializing cgroup subsys net_prio
[    0.339757] Initializing cgroup subsys hugetlb
[    0.340866] Initializing cgroup subsys pids
[    0.343506] mce: CPU supports 0 MCE banks
[    0.344556] Last level iTLB entries: 4KB 64, 2MB 8, 4MB 8
[    0.345788] Last level dTLB entries: 4KB 64, 2MB 0, 4MB 0, 1GB 4
[    0.347458] Spectre V2 : Mitigation: Full generic retpoline
[    0.348797] Spectre V2 : Spectre v2 / SpectreRSB mitigation: Filling RSB on context switch
[    0.350724] Speculative Store Bypass: Vulnerable
[    0.354165] Freeing SMP alternatives memory: 36K
[    0.361246] ftrace: allocating 32287 entries in 127 pages
[    0.414061] smpboot: APIC(0) Converting physical 0 to logical package 0
[    0.417455] smpboot: Max logical packages: 1
[    0.420209] x2apic enabled
[    0.421437] Switched APIC routing to physical x2apic.
[    0.423424] ..TIMER: vector=0x30 apic1=0 pin1=2 apic2=-1 pin2=-1
[    0.532176] smpboot: CPU0: Intel(R) Core(TM) i7-7567U CPU @ 3.50GHz (family: 0x6, model: 0x8e, stepping: 0x9)
[    0.537815] Performance Events: unsupported p6 CPU model 142 no PMU driver, software events only.
[    0.549200] KVM setup paravirtual spinlock
[    0.551049] x86: Booting SMP configuration:
[    0.552522] .... node  #0, CPUs:      #1
[    0.553616] kvm-clock: cpu 1, msr 1:1ffef041, secondary cpu clock
[    0.556023] mce: CPU supports 0 MCE banks
[    0.559005] x86: Booted up 1 node, 2 CPUs
[    0.560740] smpboot: Total of 2 processors activated (14016.00 BogoMIPS)
[    0.562922] devtmpfs: initialized
[    0.565296] evm: security.selinux
[    0.566656] evm: security.SMACK64
[    0.567893] evm: security.SMACK64EXEC
[    0.570050] evm: security.SMACK64TRANSMUTE
[    0.571758] evm: security.SMACK64MMAP
[    0.573083] evm: security.ima
[    0.573799] evm: security.capability
[    0.574824] clocksource: jiffies: mask: 0xffffffff max_cycles: 0xffffffff, max_idle_ns: 7645041785100000 ns
[    0.577273] futex hash table entries: 512 (order: 3, 32768 bytes)
[    0.578753] pinctrl core: initialized pinctrl subsystem
[    0.580211] RTC time: 21:40:13, date: 10/25/19
[    0.581850] NET: Registered protocol family 16
[    0.596310] cpuidle: using governor ladder
[    0.608542] cpuidle: using governor menu
[    0.610840] PCCT header not found.
[    0.612343] ACPI: bus type PCI registered
[    0.613453] acpiphp: ACPI Hot Plug PCI Controller Driver version: 0.5
[    0.614974] PCI: Using configuration type 1 for base access
[    0.635414] ACPI: Added _OSI(Module Device)
[    0.639125] ACPI: Added _OSI(Processor Device)
[    0.640451] ACPI: Added _OSI(3.0 _SCP Extensions)
[    0.641672] ACPI: Added _OSI(Processor Aggregator Device)
[    0.644780] ACPI: Executed 1 blocks of module-level executable AML code
[    0.648756] ACPI: Interpreter enabled
[    0.650255] ACPI: (supports S0 S5)
[    0.651268] ACPI: Using IOAPIC for interrupt routing
[    0.652416] PCI: Using host bridge windows from ACPI; if necessary, use "pci=nocrs" and report a bug
[    0.658373] ACPI: PCI Root Bridge [PCI0] (domain 0000 [bus 00-ff])
[    0.660236] acpi PNP0A03:00: _OSC: OS supports [ASPM ClockPM Segments MSI]
[    0.661818] acpi PNP0A03:00: _OSC: not requesting OS control; OS requires [ExtendedConfig ASPM ClockPM MSI]
[    0.663961] acpi PNP0A03:00: fail to add MMCONFIG information, can't access extended PCI configuration space under this bridge.
[    0.666963] PCI host bridge to bus 0000:00
[    0.668331] pci_bus 0000:00: root bus resource [io  0x0000-0x0cf7 window]
[    0.669918] pci_bus 0000:00: root bus resource [io  0x0d00-0xffff window]
[    0.676913] pci_bus 0000:00: root bus resource [mem 0x000a0000-0x000bffff window]
[    0.689142] pci_bus 0000:00: root bus resource [mem 0xe0000000-0xfdffffff window]
[    0.691695] pci_bus 0000:00: root bus resource [bus 00-ff]
[    0.696142] pci 0000:00:01.1: legacy IDE quirk: reg 0x10: [io  0x01f0-0x01f7]
[    0.698742] pci 0000:00:01.1: legacy IDE quirk: reg 0x14: [io  0x03f6]
[    0.700314] pci 0000:00:01.1: legacy IDE quirk: reg 0x18: [io  0x0170-0x0177]
[    0.701711] pci 0000:00:01.1: legacy IDE quirk: reg 0x1c: [io  0x0376]
[    0.734100] pci 0000:00:07.0: quirk: [io  0x4000-0x403f] claimed by PIIX4 ACPI
[    0.738968] pci 0000:00:07.0: quirk: [io  0x4100-0x410f] claimed by PIIX4 SMB
[    0.759245] ACPI: PCI Interrupt Link [LNKA] (IRQs 5 9 10 *11)
[    0.761502] ACPI: PCI Interrupt Link [LNKB] (IRQs 5 9 *10 11)
[    0.763501] ACPI: PCI Interrupt Link [LNKC] (IRQs 5 *9 10 11)
[    0.765496] ACPI: PCI Interrupt Link [LNKD] (IRQs 5 9 10 *11)
[    0.767803] ACPI: Enabled 2 GPEs in block 00 to 07
[    0.769465] vgaarb: setting as boot device: PCI:0000:00:02.0
[    0.770783] vgaarb: device added: PCI:0000:00:02.0,decodes=io+mem,owns=io+mem,locks=none
[    0.772852] vgaarb: loaded
[    0.773552] vgaarb: bridge control possible 0000:00:02.0
[    0.774889] SCSI subsystem initialized
[    0.776645] ACPI: bus type USB registered
[    0.779667] usbcore: registered new interface driver usbfs
[    0.781391] usbcore: registered new interface driver hub
[    0.782935] usbcore: registered new device driver usb
[    0.785346] PCI: Using ACPI for IRQ routing
[    0.787333] NetLabel: Initializing
[    0.788714] NetLabel:  domain hash size = 128
[    0.789862] NetLabel:  protocols = UNLABELED CIPSOv4
[    0.791431] NetLabel:  unlabeled traffic allowed by default
[    0.793300] amd_nb: Cannot enumerate AMD northbridges
[    0.796674] clocksource: Switched to clocksource kvm-clock
[    0.805246] AppArmor: AppArmor Filesystem Enabled
[    0.806684] pnp: PnP ACPI init
[    0.808877] pnp: PnP ACPI: found 3 devices
[    0.818103] clocksource: acpi_pm: mask: 0xffffff max_cycles: 0xffffff, max_idle_ns: 2085701024 ns
[    0.820456] NET: Registered protocol family 2
[    0.821749] TCP established hash table entries: 32768 (order: 6, 262144 bytes)
[    0.823382] TCP bind hash table entries: 32768 (order: 7, 524288 bytes)
[    0.826028] TCP: Hash tables configured (established 32768 bind 32768)
[    0.829722] UDP hash table entries: 2048 (order: 4, 65536 bytes)
[    0.831737] UDP-Lite hash table entries: 2048 (order: 4, 65536 bytes)
[    0.834435] NET: Registered protocol family 1
[    0.835817] pci 0000:00:00.0: Limiting direct PCI/PCI transfers
[    0.837079] pci 0000:00:01.0: Activating ISA DMA hang workarounds
[    0.839400] Unpacking initramfs...
[    1.042906] Freeing initrd memory: 14828K
[    1.044104] PCI-DMA: Using software bounce buffering for IO (SWIOTLB)
[    1.047099] software IO TLB: mapped [mem 0xdbff0000-0xdfff0000] (64MB)
[    1.048650] platform rtc_cmos: registered platform RTC device (no PNP device found)
[    1.052685] Scanning for low memory corruption every 60 seconds
[    1.054906] audit: initializing netlink subsys (disabled)
[    1.056538] audit: type=2000 audit(1572039618.552:1): initialized
[    1.059471] Initialise system trusted keyring
[    1.061182] HugeTLB registered 2 MB page size, pre-allocated 0 pages
[    1.065036] zbud: loaded
[    1.067370] VFS: Disk quotas dquot_6.6.0
[    1.069458] VFS: Dquot-cache hash table entries: 512 (order 0, 4096 bytes)
[    1.072912] squashfs: version 4.0 (2009/01/31) Phillip Lougher
[    1.075837] fuse init (API version 7.23)
[    1.077856] Key type big_key registered
[    1.079472] Allocating IMA MOK and blacklist keyrings.
[    1.084469] Key type asymmetric registered
[    1.088961] Asymmetric key parser 'x509' registered
[    1.092166] Block layer SCSI generic (bsg) driver version 0.4 loaded (major 249)
[    1.096214] io scheduler noop registered
[    1.098033] io scheduler deadline registered (default)
[    1.101420] io scheduler cfq registered
[    1.103472] pci_hotplug: PCI Hot Plug PCI Core version: 0.5
[    1.105608] pciehp: PCI Express Hot Plug Controller Driver version: 0.4
[    1.108999] ACPI: AC Adapter [AC] (off-line)
[    1.111758] input: Power Button as /devices/LNXSYSTM:00/LNXPWRBN:00/input/input0
[    1.115535] ACPI: Power Button [PWRF]
[    1.117442] input: Sleep Button as /devices/LNXSYSTM:00/LNXSLPBN:00/input/input1
[    1.121210] ACPI: Sleep Button [SLPF]
[    1.125017] GHES: HEST is not enabled!
[    1.125814] ACPI: Battery Slot [BAT0] (battery present)
[    1.129691] Serial: 8250/16550 driver, 32 ports, IRQ sharing enabled
[    1.154110] 00:02: ttyS0 at I/O 0x3f8 (irq = 4, base_baud = 115200) is a 16550A
[    1.161435] Linux agpgart interface v0.103
[    1.165380] loop: module loaded
[    1.166961] scsi host0: ata_piix
[    1.168004] scsi host1: ata_piix
[    1.168924] ata1: PATA max UDMA/33 cmd 0x1f0 ctl 0x3f6 bmdma 0xd000 irq 14
[    1.170288] ata2: PATA max UDMA/33 cmd 0x170 ctl 0x376 bmdma 0xd008 irq 15
[    1.171839] libphy: Fixed MDIO Bus: probed
[    1.173217] tun: Universal TUN/TAP device driver, 1.6
[    1.174620] tun: (C) 1999-2004 Max Krasnyansky <maxk@qualcomm.com>
[    1.176359] PPP generic driver version 2.4.2
[    1.177790] ehci_hcd: USB 2.0 'Enhanced' Host Controller (EHCI) Driver
[    1.179098] ehci-pci: EHCI PCI platform driver
[    1.180407] ehci-platform: EHCI generic platform driver
[    1.181941] ohci_hcd: USB 1.1 'Open' Host Controller (OHCI) Driver
[    1.183529] ohci-pci: OHCI PCI platform driver
[    1.184729] ohci-platform: OHCI generic platform driver
[    1.186730] uhci_hcd: USB Universal Host Controller Interface driver
[    1.188617] i8042: PNP: PS/2 Controller [PNP0303:PS2K,PNP0f03:PS2M] at 0x60,0x64 irq 1,12
[    1.193019] serio: i8042 KBD port at 0x60,0x64 irq 1
[    1.194561] serio: i8042 AUX port at 0x60,0x64 irq 12
[    1.196176] mousedev: PS/2 mouse device common for all mice
[    1.199131] input: AT Translated Set 2 keyboard as /devices/platform/i8042/serio0/input/input2
[    1.203607] rtc_cmos rtc_cmos: rtc core: registered rtc_cmos as rtc0
[    1.205734] rtc_cmos rtc_cmos: alarms up to one day, 114 bytes nvram
[    1.208011] i2c /dev entries driver
[    1.209233] device-mapper: uevent: version 1.0.3
[    1.210752] device-mapper: ioctl: 4.34.0-ioctl (2015-10-28) initialised: dm-devel@redhat.com
[    1.213251] ledtrig-cpu: registered to indicate activity on CPUs
[    1.215070] NET: Registered protocol family 10
[    1.216559] NET: Registered protocol family 17
[    1.217921] Key type dns_resolver registered
[    1.219492] registered taskstats version 1
[    1.220394] Loading compiled-in X.509 certificates
[    1.222369] Loaded X.509 cert 'Build time autogenerated kernel key: 4dcb2dc2c7cf43e0c20c44384f68683c20294489'
[    1.224587] zswap: loaded using pool lzo/zbud
[    1.227936] Key type trusted registered
[    1.233342] Key type encrypted registered
[    1.234636] AppArmor: AppArmor sha1 policy hashing enabled
[    1.236053] ima: No TPM chip found, activating TPM-bypass!
[    1.237723] ima: Allocated hash algorithm: sha1
[    1.238707] evm: HMAC attrs: 0x1
[    1.239932]   Magic number: 7:266:703
[    1.240943] rtc_cmos rtc_cmos: setting system clock to 2019-10-25 21:40:13 UTC (1572039613)
[    1.244308] BIOS EDD facility v0.16 2004-Jun-25, 0 devices found
[    1.246891] EDD information not available.
[    1.329903] Freeing unused kernel memory: 1484K
[    1.331361] Write protecting the kernel read-only data: 14336k
[    1.333400] Freeing unused kernel memory: 1620K
[    1.334694] Freeing unused kernel memory: 68K
Loading, please wait...
starting version 229
[    1.358637] random: systemd-udevd: uninitialized urandom read (16 bytes read, 3 bits of entropy available)
[    1.358954] random: udevadm: uninitialized urandom read (16 bytes read, 3 bits of entropy available)
[    1.358976] random: udevadm: uninitialized urandom read (16 bytes read, 3 bits of entropy available)
[    1.370353] random: udevadm: uninitialized urandom read (16 bytes read, 3 bits of entropy available)
[    1.370394] random: udevadm: uninitialized urandom read (16 bytes read, 3 bits of entropy available)
[    1.370524] random: udevadm: uninitialized urandom read (16 bytes read, 3 bits of entropy available)
[    1.370571] random: udevadm: uninitialized urandom read (16 bytes read, 3 bits of entropy available)
[    1.370617] random: udevadm: uninitialized urandom read (16 bytes read, 3 bits of entropy available)
[    1.370664] random: udevadm: uninitialized urandom read (16 bytes read, 3 bits of entropy available)
[    1.370710] random: udevadm: uninitialized urandom read (16 bytes read, 3 bits of entropy available)
[    1.433789] Fusion MPT base driver 3.04.20
[    1.435134] Copyright (c) 1999-2008 LSI Corporation
[    1.438955] e1000: Intel(R) PRO/1000 Network Driver - version 7.3.21-k8-NAPI
[    1.441577] e1000: Copyright (c) 1999-2006 Intel Corporation.
[    1.466795] AVX2 version of gcm_enc/dec engaged.
[    1.468945] AES CTR mode by8 optimization enabled
[    1.480471] Fusion MPT SPI Host driver 3.04.20
[    1.659901] input: ImExPS/2 Generic Explorer Mouse as /devices/platform/i8042/serio1/input/input4
[    1.917314] e1000 0000:00:03.0 eth0: (PCI:33MHz:32-bit) 02:6d:cd:79:6e:19
[    1.920297] e1000 0000:00:03.0 eth0: Intel(R) PRO/1000 Network Connection
[    2.045429] tsc: Refined TSC clocksource calibration: 3503.172 MHz
[    2.047888] clocksource: tsc: mask: 0xffffffffffffffff max_cycles: 0x327f05778b0, max_idle_ns: 440795295294 ns
[    2.505448] e1000 0000:00:08.0 eth1: (PCI:33MHz:32-bit) 08:00:27:5b:41:99
[    2.507672] e1000 0000:00:08.0 eth1: Intel(R) PRO/1000 Network Connection
[    2.511399] e1000 0000:00:03.0 enp0s3: renamed from eth0
[    2.512986] mptbase: ioc0: Initiating bringup
[    2.525435] e1000 0000:00:08.0 enp0s8: renamed from eth1
[    3.021789] ioc0: LSI53C1030 A0: Capabilities={Initiator}
[    4.107827] scsi host2: ioc0: LSI53C1030 A0, FwRev=00000000h, Ports=1, MaxQ=256, IRQ=20
[    4.505072] scsi 2:0:0:0: Direct-Access     VBOX     HARDDISK         1.0  PQ: 0 ANSI: 5
[    4.519313] scsi target2:0:0: Beginning Domain Validation
[    4.528616] scsi target2:0:0: Domain Validation skipping write tests
[    4.531543] scsi target2:0:0: Ending Domain Validation
[    4.534003] scsi target2:0:0: asynchronous
[    4.537152] scsi 2:0:1:0: Direct-Access     VBOX     HARDDISK         1.0  PQ: 0 ANSI: 5
[    4.541020] scsi target2:0:1: Beginning Domain Validation
[    4.545422] scsi target2:0:1: Domain Validation skipping write tests
[    4.547888] scsi target2:0:1: Ending Domain Validation
[    4.551454] scsi target2:0:1: asynchronous
[    4.571310] sd 2:0:0:0: [sda] 20971520 512-byte logical blocks: (10.7 GB/10.0 GiB)
[    4.571342] sd 2:0:0:0: Attached scsi generic sg0 type 0
[    4.572190] sd 2:0:1:0: Attached scsi generic sg1 type 0
[    4.572481] sd 2:0:1:0: [sdb] 20480 512-byte logical blocks: (10.5 MB/10.0 MiB)
[    4.572845] sd 2:0:1:0: [sdb] Write Protect is off
[    4.573012] sd 2:0:1:0: [sdb] Incomplete mode parameter data
[    4.573014] sd 2:0:1:0: [sdb] Assuming drive cache: write through
[    4.575527] sd 2:0:1:0: [sdb] Attached SCSI disk
[    4.590482] sd 2:0:0:0: [sda] Write Protect is off
[    4.591900] sd 2:0:0:0: [sda] Incomplete mode parameter data
[    4.593593] sd 2:0:0:0: [sda] Assuming drive cache: write through
[    4.596794]  sda: sda1
[    4.598778] sd 2:0:0:0: [sda] Attached SCSI disk
Begin: Loading essential drivers ... [    6.027261] md: linear personality registered for level -1
[    6.031317] md: multipath personality registered for level -4
[    6.034784] md: raid0 personality registered for level 0
[    6.038991] md: raid1 personality registered for level 1
[    6.108859] raid6: sse2x1   gen() 10865 MB/s
[    6.176753] raid6: sse2x1   xor()  8429 MB/s
[    6.244853] raid6: sse2x2   gen() 13976 MB/s
[    6.312792] raid6: sse2x2   xor() 10048 MB/s
[    6.381151] raid6: sse2x4   gen() 15251 MB/s
[    6.449245] raid6: sse2x4   xor() 10243 MB/s
[    6.516982] raid6: avx2x1   gen() 22753 MB/s
[    6.585168] raid6: avx2x2   gen() 25598 MB/s
[    6.652888] raid6: avx2x4   gen() 27166 MB/s
[    6.654400] raid6: using algorithm avx2x4 gen() 27166 MB/s
[    6.655683] raid6: using avx2x2 recovery algorithm
[    6.659133] xor: automatically using best checksumming function:
[    6.700733]    avx       : 27234.000 MB/sec
[    6.703182] async_tx: api initialized (async)
[    6.713370] md: raid6 personality registered for level 6
[    6.715119] md: raid5 personality registered for level 5
[    6.716495] md: raid4 personality registered for level 4
[    6.726978] md: raid10 personality registered for level 10
done.
Begin: Running /scripts/init-premount ... done.
Begin: Mounting root file system ... Begin: Running /scripts/local-top ... done.
Begin: Running /scripts/local-premount ... [    6.763039] Btrfs loaded
Scanning for Btrfs filesystems
done.
Warning: fsck not present, so skipping root file system
[    6.798902] EXT4-fs (sda1): mounted filesystem with ordered data mode. Opts: (null)
done.
Begin: Running /scripts/local-bottom ... done.
Begin: Running /scripts/init-bottom ... done.
[    6.916571] systemd[1]: systemd 229 running in system mode. (+PAM +AUDIT +SELINUX +IMA +APPARMOR +SMACK +SYSVINIT +UTMP +LIBCRYPTSETUP +GCRYPT +GNUTLS +ACL +XZ -LZ4 +SECCOMP +BLKID +ELFUTILS +KMOD -IDN)
[    6.924676] systemd[1]: Detected virtualization oracle.
[    6.927314] systemd[1]: Detected architecture x86-64.

Welcome to [1mUbuntu 16.04.6 LTS[0m!

[    6.931872] systemd[1]: Set hostname to <ubuntu>.
[    6.935101] systemd[1]: Initializing machine ID from random generator.
[    6.937090] systemd[1]: Installed transient /etc/machine-id file.
[    7.133755] systemd[1]: Listening on Device-mapper event daemon FIFOs.
[[0;32m  OK  [0m] Listening on Device-mapper event daemon FIFOs.
[    7.139139] systemd[1]: Reached target System Time Synchronized.
[[0;32m  OK  [0m] Reached target System Time Synchronized.
[    7.144766] systemd[1]: Reached target Swap.
[[0;32m  OK  [0m] Reached target Swap.
[    7.149516] systemd[1]: Listening on udev Kernel Socket.
[[0;32m  OK  [0m] Listening on udev Kernel Socket.
[    7.154039] systemd[1]: Listening on Syslog Socket.
[[0;32m  OK  [0m] Listening on Syslog Socket.
[    7.257681] systemd[1]: Created slice System Slice.
[[0;32m  OK  [0m] Created slice System Slice.
[    7.265363] systemd[1]: Listening on LVM2 poll daemon socket.
[[0;32m  OK  [0m] Listening on LVM2 poll daemon socket.
[    7.270352] systemd[1]: Listening on Journal Socket (/dev/log).
[[0;32m  OK  [0m] Listening on Journal Socket (/dev/log).
[    7.273204] systemd[1]: Listening on LVM2 metadata daemon socket.
[[0;32m  OK  [0m] Listening on LVM2 metadata daemon socket.
[    7.279035] systemd[1]: Listening on Journal Socket.
[[0;32m  OK  [0m] Listening on Journal Socket.
[    7.293090] systemd[1]: Starting Monitoring of LVM2 mirrors, snapshots etc. using dmeventd or progress polling...
         Starting Monitoring of LVM2 mirrors... dmeventd or progress polling...
[    7.302966] systemd[1]: Starting Set console keymap...
         Starting Set console keymap...
[    7.307582] systemd[1]: Mounting Huge Pages File System...
         Mounting Huge Pages File System...
[    7.313111] systemd[1]: Mounting Debug File System...
         Mounting Debug File System...
[    7.316616] systemd[1]: Mounting POSIX Message Queue File System...
         Mounting POSIX Message Queue File System...
[    7.321996] systemd[1]: Starting Uncomplicated firewall...
         Starting Uncomplicated firewall...
[    7.325596] systemd[1]: Started Forward Password Requests to Wall Directory Watch.
[[0;32m  OK  [0m] Started Forward Password Requests to Wall Directory Watch.
[    7.331810] systemd[1]: Listening on /dev/initctl Compatibility Named Pipe.
[[0;32m  OK  [0m] Listening on /dev/initctl Compatibility Named Pipe.
[    7.338437] systemd[1]: Set up automount Arbitrary Executable File Formats File System Automount Point.
[[0;32m  OK  [0m] Set up automount Arbitrary Executab...ats File System Automount Point.
[    7.343245] systemd[1]: Reached target User and Group Name Lookups.
[[0;32m  OK  [0m] Reached target User and Group Name Lookups.
[    7.353965] systemd[1]: Listening on udev Control Socket.
[[0;32m  OK  [0m] Listening on udev Control Socket.
[    7.358894] systemd[1]: Started Trigger resolvconf update for networkd DNS.
[[0;32m  OK  [0m] Started Trigger resolvconf update for networkd DNS.
[    7.368961] systemd[1]: Reached target Encrypted Volumes.
[[0;32m  OK  [0m] Reached target Encrypted Volumes.
[    7.371743] systemd[1]: Created slice system-serial\x2dgetty.slice.
[[0;32m  OK  [0m] Created slice system-serial\x2dgetty.slice.
[    7.385176] systemd[1]: Starting Remount Root and Kernel File Systems...
         Starting Remount Root and Kernel File Systems...
[    7.389556] EXT4-fs (sda1): re-mounted. Opts: (null)
[    7.390444] systemd[1]: Starting Load Kernel Modules...
         Starting Load Kernel Modules...
[    7.394662] systemd[1]: Created slice User and Session Slice.
[[0;32m  OK  [0m] Created slice User and Session Slice.
[    7.398433] systemd[1]: Reached target Slices.
[    7.399871] Loading iSCSI transport class v2.0-870.
[[0;32m  OK  [0m] Reached target Slices.
[    7.402723] systemd[1]: Starting Nameserver information manager...
         Starting Nameserver information manager...
[    7.408884] systemd[1]: Starting Create list of required static device nodes for the current kernel...
[    7.411658] iscsi: registered transport (tcp)
         Starting Create list of required st... nodes for the current kernel...
[    7.414328] systemd[1]: Listening on Journal Audit Socket.
[[0;32m  OK  [0m] Listening on Journal Audit Socket.
[    7.419325] systemd[1]: Starting Journal Service...
         Starting Journal Service...
[    7.427010] systemd[1]: Mounted Debug File System.
[[0;32m  OK  [0m] Mounted Debug File System.
[    7.434252] systemd[1]: Mounted POSIX Message Queue File System.
[[0;32m  OK  [0m] Mounted POSIX Message Queue File System.
[    7.438665] systemd[1]: Mounted Huge Pages File System.
[[0;32m  OK  [0m] Mounted Huge Pages File System.
[    7.444940] systemd[1]: Started Journal Service.
[[0;32m  OK  [0m] Started Journal Service.
[[0;32m  OK  [0m] Started Set console keymap.
[[0;32m  OK  [0m] Started Uncomplicated firewall.
[[0;32m  OK  [0m] Started Remount Root and Kernel File Systems.
[    7.461104] iscsi: registered transport (iser)
[[0;32m  OK  [0m] Started Load Kernel Modules.
[[0;32m  OK  [0m] Started Create list of required sta...ce nodes for the current kernel.
[[0;32m  OK  [0m] Started Nameserver information manager.
[    7.477220] random: nonblocking pool is initialized
[[0;32m  OK  [0m] Started LVM2 metadata daemon.
         Starting Create Static Device Nodes in /dev...
         Mounting FUSE Control File System...
         Starting Apply Kernel Variables...
         Starting udev Coldplug all Devices...
         Starting Load/Save Random Seed...
         Starting Flush Journal to Persistent Storage...
[[0;32m  OK  [0m] Mounted FUSE Control File System.
[[0;32m  OK  [0m] Started Create Static Device Nodes in /dev.
[[0;32m  OK  [0m] Started Apply Kernel Variables.
[[0;32m  OK  [0m] Started Load/Save Random Seed.
[[0;32m  OK  [0m] Started Flush Journal to Persistent Storage.
[[0;32m  OK  [0m] Started udev Coldplug all Devices.
         Starting udev Kernel Device Manager...
[[0;32m  OK  [0m] Started udev Kernel Device Manager.
[[0;32m  OK  [0m] Started Dispatch Password Requests to Console Directory Watch.
[[0;32m  OK  [0m] Found device /dev/ttyS0.
[[0;32m  OK  [0m] Listening on Load/Save RF Kill Switch Status /dev/rfkill Watch.
[[0;32m  OK  [0m] Started Monitoring of LVM2 mirrors,...ng dmeventd or progress polling.
[[0;32m  OK  [0m] Reached target Local File Systems (Pre).
[[0;32m  OK  [0m] Reached target Local File Systems.
         Starting Tell Plymouth To Write Out Runtime Data...
         Starting LSB: AppArmor initialization...
         Starting Commit a transient machine-id on disk...
         Starting Set console font and keymap...
         Starting Create Volatile Files and Directories...
         Starting Initial cloud-init job (pre-networking)...
[[0;32m  OK  [0m] Started Tell Plymouth To Write Out Runtime Data.
[[0;32m  OK  [0m] Started Commit a transient machine-id on disk.
[[0;32m  OK  [0m] Started Create Volatile Files and Directories.
         Starting Update UTMP about System Boot/Shutdown...
[[0;32m  OK  [0m] Started Update UTMP about System Boot/Shutdown.
[[0;32m  OK  [0m] Started Set console font and keymap.
[[0;32m  OK  [0m] Created slice system-getty.slice.
[[0;32m  OK  [0m] Started LSB: AppArmor initialization.
[    8.870836] cloud-init[636]: Cloud-init v. 18.5-45-g3554ffe8-0ubuntu1~16.04.1 running 'init-local' at Fri, 25 Oct 2019 21:40:21 +0000. Up 8.55 seconds.
[[0;32m  OK  [0m] Started Initial cloud-init job (pre-networking).
[[0;32m  OK  [0m] Reached target Network (Pre).
         Starting Raise network interfaces...
[[0;32m  OK  [0m] Started Raise network interfaces.
         Starting Initial cloud-init job (metadata service crawler)...
[[0;32m  OK  [0m] Reached target Network.
[    9.970472] cloud-init[951]: Cloud-init v. 18.5-45-g3554ffe8-0ubuntu1~16.04.1 running 'init' at Fri, 25 Oct 2019 21:40:22 +0000. Up 9.43 seconds.
[    9.973856] cloud-init[951]: ci-info: ++++++++++++++++++++++++++++++++++++++Net device info+++++++++++++++++++++++++++++++++++++++
[    9.976857] cloud-init[951]: ci-info: +--------+-------+----------------------------+---------------+--------+-------------------+
[    9.980318] cloud-init[951]: ci-info: | Device |   Up  |          Address           |      Mask     | Scope  |     Hw-Address    |
[    9.987486] cloud-init[951]: ci-info: +--------+-------+----------------------------+---------------+--------+-------------------+
[    9.990955] cloud-init[951]: ci-info: | enp0s3 |  True |         10.0.2.15          | 255.255.255.0 | global | 02:6d:cd:79:6e:19 |
[    9.993864] cloud-init[951]: ci-info: | enp0s3 |  True | fe80::6d:cdff:fe79:6e19/64 |       .       |  link  | 02:6d:cd:79:6e:19 |
[    9.996851] cloud-init[951]: ci-info: | enp0s8 | False |             .              |       .       |   .    | 08:00:27:5b:41:99 |
[    9.999094] cloud-init[951]: ci-info: |   lo   |  True |         127.0.0.1          |   255.0.0.0   |  host  |         .         |
[   10.002165] cloud-init[951]: ci-info: |   lo   |  True |          ::1/128           |       .       |  host  |         .         |
[   10.005542] cloud-init[951]: ci-info: +--------+-------+----------------------------+---------------+--------+-------------------+
[   10.016772] cloud-init[951]: ci-info: +++++++++++++++++++++++++++Route IPv4 info++++++++++++++++++++++++++++
[   10.019657] cloud-init[951]: ci-info: +-------+-------------+----------+---------------+-----------+-------+
[   10.022431] cloud-init[951]: ci-info: | Route | Destination | Gateway  |    Genmask    | Interface | Flags |
[   10.026111] cloud-init[951]: ci-info: +-------+-------------+----------+---------------+-----------+-------+
[   10.028914] cloud-init[951]: ci-info: |   0   |   0.0.0.0   | 10.0.2.2 |    0.0.0.0    |   enp0s3  |   UG  |
[   10.036574] cloud-init[951]: ci-info: |   1   |   10.0.2.0  | 0.0.0.0  | 255.255.255.0 |   enp0s3  |   U   |
[   10.039677] cloud-init[951]: ci-info: +-------+-------------+----------+---------------+-----------+-------+
[   10.041968] cloud-init[951]: ci-info: +++++++++++++++++++Route IPv6 info+++++++++++++++++++
[   10.044730] cloud-init[951]: ci-info: +-------+-------------+---------+-----------+-------+
[   10.048556] cloud-init[951]: ci-info: | Route | Destination | Gateway | Interface | Flags |
[   10.050493] cloud-init[951]: ci-info: +-------+-------------+---------+-----------+-------+
[   10.052244] cloud-init[951]: ci-info: |   0   |  fe80::/64  |    ::   |   enp0s3  |   U   |
[   10.054594] cloud-init[951]: ci-info: |   3   |   ff00::/8  |    ::   |   enp0s3  |   U   |
[   10.065015] cloud-init[951]: ci-info: +-------+-------------+---------+-----------+-------+
[   10.065251] cloud-init[951]: Generating public/private rsa key pair.
[   10.066158] cloud-init[951]: Your identification has been saved in /etc/ssh/ssh_host_rsa_key.
[   10.066969] [cloud-init[951]: Your public key has been saved in /etc/ssh/ssh_host_rsa_key.pub.
[   10.067282] cloud-init[951]: The key fingerprint is:
[   10.068271] cloud-init[951]: SHA256:GpT8VsccXjpfX8Uy090TQAF5+wE/I8xJL0uCENZvYqs root@ubuntu-xenial
[   10.069066] cloud-init[951]: The key's randomart image is:
[   10.069915] cloud-init[951]: +---[RSA 2048]----+
[   10.070677] cloud-init[951]: |       oo  .=+++=|
[   10.071524] cloud-init[951]: |     ..o . = B+.*|
[   10.072525] cloud-init[951]: |      + . + % *++|
[   10.073366] cloud-init[951]: |     . . = = @ Bo|
[0;32m  OK  [0m] Started Initial cloud-init job (metadata service crawler).
[   10.073755] cloud-init[951]: |      . S + o * =|
[   10.079517] cloud-init[951]: |       + .   . . |
[   10.080591] cloud-init[951]: |      . .        |
[   10.081751] cloud-init[951]: |       E         |
[   10.081913] cloud-init[951]: |                 |
[   10.082218] cloud-init[951]: +----[SHA256]-----+
[   10.083110] cloud-init[951]: Generating public/private dsa key pair.
[   10.084053] cloud-init[951]: Your identification has been saved in /etc/ssh/ssh_host_dsa_key.
[[0;32m  OK  [0m] Reached target System Initialization.
[   10.084403] cloud-init[951]: Your public key has been saved in /etc/ssh/ssh_host_dsa_key.pub.
[   10.090008] cloud-init[951]: The key fingerprint is:
[   10.090220] cloud-init[951]: SHA256:lzSIcSuv0eRn461Y/AqpxLLOukKLCaLHNuvPozBewI4 root@ubuntu-xenial
[   10.090814] cloud-init[951]: The key's randomart image is:
[[0;32m  OK  [0m] Started Daily apt download activities.
[   10.091438] cloud-init[951]: +---[DSA 1024]----+
[   10.093303] cloud-init[951]: |      . .        |
[   10.094242] cloud-init[951]: |       + o       |
[   10.095036] cloud-init[951]: |      o + o      |
[   10.095419] cloud-init[951]: |.      * . o     |
[   10.096243] cloud-init[951]: | o    . S *      |
[[0;32m  OK  [0m] Started Daily Cleanup of Temporary Directories.
[[   10.096987] cloud-init[951]: |=..  . o B o     |
[   10.099580] cloud-init[951]: |E+... + o + .    |
[   10.100718] cloud-init[951]: |*+*o.+ . + o     |
[   10.101607] cloud-init[951]: | **O*.. . o..    |
[   10.101994] cloud-init[951]: +----[SHA256]-----+
[   10.103646] [0;32m  OK  [0m] cloud-initListening on ACPID Listen Socket.[951]: 
Generating public/private ecdsa key pair.
[   10.104388] cloud-init[951]: Your identification has been saved in /etc/ssh/ssh_host_ecdsa_key.
[   10.112901] cloud-init[951]: Your public key has been saved in /etc/ssh/ssh_host_ecdsa_key.pub.
[[0;32m  OK  [0m] Listening on UUID daemon activation socket.
[   10.113496] cloud-init[951]: The key fingerprint is:
[   10.118879] cloud-init[951]: SHA256:u9HnrcqvG619hRSvQu8zk5oDuRcx5gUevaTPkbA0Wis root@ubuntu-xenial
[   10.119080] cloud-init[951]: The key's randomart image is:
[   10.119688] cloud-init[951]: +---[ECDSA 256]---+
[[0;32m  OK  [0m] Started ACPI Events Check.
[   10.121545] cloud-init[951]: |             .   |
[   10.124657] cloud-init[951]: |            B +  |
[   10.125382] cloud-init[951]: |           = X = |
[[0;32m  OK  [0m] Reached target Paths.
[   10.126095] cloud-init[951]: |          E X * .|
[   10.131319] cloud-init[951]: |        S  * O + |
[   10.131478] cloud-init[951]: |         oo.+ * .|
         Starting LXD - unix socket.
[[   10.132370] cloud-init[951]: |        o ooo+ o |
[   10.141231] cloud-init[951]: |         +.*ooB  |
[   10.142274] cloud-init[951]: |        . **B=.+ |
[   10.143031] cloud-init[951]: +----[SHA256]-----+
[0;32m  OK  [0m] Listening on D-Bus System Message Bus Socket.
[   10.143520] cloud-init[951]: Generating public/private ed25519 key pair.
[   10.158855] cloud-init[951]: Your identification has been saved in /etc/ssh/ssh_host_ed25519_key.
[   10.159172] cloud-init[951]: Your public key has been saved in /etc/ssh/ssh_host_ed25519_key.pub.
         Starting Socket activation for snappy daemon.
[[   10.161360] cloud-init[951]: The key fingerprint is:
[   10.164687] cloud-init[951]: SHA256:EfFNvRTTVRacd1y6R2BREl/zOw7RtNcHayDnSP3oP7w root@ubuntu-xenial
[   10.165467] cloud-init[951]: The key's randomart image is:
[   10.166259] cloud-init[951]: +--[ED25519 256]--+
[   10.167042] cloud-init[951]: |        o.o.+.@@&|
[0;32m  OK  [0m] Started Daily apt upgrade and clean activities.
[[   10.167235] cloud-init[951]: |         + B.o=%@|
[   10.169248] cloud-init[951]: |        . o o=++X|[0;32m  OK  [0m
] Reached target Timers.
[[   10.169890] cloud-init[951]: |         .  ..+o+|
[   10.171538] cloud-init[951]: |        S  . ..o.|
[   10.172533] cloud-init[951]: |            . o..|
[   10.172850] cloud-init[951]: |             o . |
[   10.173690] cloud-init[951]: |              +  |
[0;32m  OK  [0m] Reached target Cloud-config availability.
[   10.174023] cloud-init[951]: |              Eo |
[   10.181612] cloud-init[951]: +----[SHA256]-----+
[[0;32m  OK  [0m] Reached target Network is Online.
         Starting iSCSI initiator daemon (iscsid)...
[[0;32m  OK  [0m] Listening on LXD - unix socket.
[[0;32m  OK  [0m] Listening on Socket activation for snappy daemon.
[[0;32m  OK  [0m] Started iSCSI initiator daemon (iscsid).
         Starting Login to default iSCSI targets...
[[0;32m  OK  [0m] Reached target Sockets.
[[0;32m  OK  [0m] Reached target Basic System.
         Starting System Logging Service...
         Starting Virtualbox guest utils...
         Starting Accounts Service...
[[0;32m  OK  [0m] Started Regular background program processing daemon.
         Starting /etc/rc.local Compatibility...
         Starting Snappy daemon...
         Starting LSB: MD monitoring daemon...
[[0;32m  OK  [0m] Started FUSE filesystem for LXC.
[[0;32m  OK  [0m] Started Deferred execution scheduler.
[[0;32m  OK  [0m] Started D-Bus System Message Bus.
[[0;32m  OK  [0m] Started ACPI event daemon.
         Starting Login Service...
         Starting LSB: Record successful boot for GRUB...
         Starting Pollinate to seed the pseudo random number generator...
         Starting LXD - container startup/shutdown...
[[0;32m  OK  [0m] Started System Logging Service.
[[0;32m  OK  [0m] Started /etc/rc.local Compatibility.
[[0;32m  OK  [0m] Started LSB: MD monitoring daemon.
[[0;32m  OK  [0m] Started LXD - container startup/shutdown.
[[0;32m  OK  [0m] Started Login to default iSCSI targets.
         Starting Authenticate and Authorize Users to Run Privileged Tasks...
[[0;32m  OK  [0m] Reached target Remote File Systems (Pre).
[[0;32m  OK  [0m] Reached target Remote File Systems.
         Starting LSB: daemon to balance interrupts for SMP systems...
         Starting LSB: automatic crash report generation...
         Starting LSB: Set the CPU Frequency Scaling governor to "ondemand"...
         Starting Permit User Sessions...
[[0;32m  OK  [0m] Started LSB: Record successful boot for GRUB.
[[0;32m  OK  [0m] Started Permit User Sessions.
[[0;32m  OK  [0m] Started Login Service.
[[0;32m  OK  [0m] Started Authenticate and Authorize Users to Run Privileged Tasks.
[[0;32m  OK  [0m] Started Virtualbox guest utils.
[[0;32m  OK  [0m] Started Accounts Service.
[[0;32m  OK  [0m] Started Unattended Upgrades Shutdown.
         Starting Terminate Plymouth Boot Screen...
         Starting Hold until boot process finishes up...
[[0;32m  OK  [0m] Started Snappy daemon.
[[0;32m  OK  [0m] Started LSB: automatic crash report generation.
[[0;32m  OK  [0m] Started LSB: Set the CPU Frequency Scaling governor to "ondemand".
[[0;32m  OK  [0m] Started LSB: daemon to balance interrupts for SMP systems.
[[0;32m  OK  [0m] Started Terminate Plymouth Boot Screen.
[[0;32m  OK  [0m] Started Hold until boot process finishes up.
[[0;32m  OK  [0m] Started Serial Getty on ttyS0.
         Starting Set console scheme...
[[0;32m  OK  [0m] Started Getty on tty1.
[[0;32m  OK  [0m] Reached target Login Prompts.
         Starting Wait until snapd is fully seeded...
[[0;32m  OK  [0m] Started Set console scheme.
[[0;32m  OK  [0m] Started Pollinate to seed the pseudo random number generator.
         Starting OpenBSD Secure Shell server...
[[0;32m  OK  [0m] Started OpenBSD Secure Shell server.
[[0;32m  OK  [0m] Created slice User Slice of vagrant.
         Starting User Manager for UID 1000...
[[0;32m  OK  [0m] Started Session 1 of user vagrant.
[[0;32m  OK  [0m] Started User Manager for UID 1000.
[[0;32m  OK  [0m] Started Wait until snapd is fully seeded.
[[0;32m  OK  [0m] Reached target Multi-User System.
[[0;32m  OK  [0m] Reached target Graphical Interface.
         Starting Update UTMP about System Runlevel Changes...
         Starting Apply the settings specified in cloud-config...
[[0;32m  OK  [0m] Started Update UTMP about System Runlevel Changes.
         Stopping User Manager for UID 1000...
[[0;32m  OK  [0m] Stopped User Manager for UID 1000.
[[0;32m  OK  [0m] Removed slice User Slice of vagrant.
[[0;32m  OK  [0m] Created slice User Slice of vagrant.
         Starting User Manager for UID 1000...
[[0;32m  OK  [0m] Started Session 2 of user vagrant.
[[0;32m  OK  [0m] Started User Manager for UID 1000.
[   13.976906] cloud-init[1444]: Generating locales (this might take a while)...
[   14.841848] cloud-init[1444]:   en_US.UTF-8... done
         Stopping Virtualbox guest utils...
[   14.856835] cloud-init[1444]: Generation complete.
[[0;32m  OK  [0m] Stopped Virtualbox guest utils.
[   15.095341] cloud-init[1444]: Cloud-init v. 18.5-45-g3554ffe8-0ubuntu1~16.04.1 running 'modules:config' at Fri, 25 Oct 2019 21:40:26 +0000. Up 13.85 seconds.
[[0;32m  OK  [0m] Started Apply the settings specified in cloud-config.
         Starting Execute cloud user/final scripts...
ci-info: no authorized ssh keys fingerprints found for user ubuntu.
<14>Oct 25 21:40:28 ec2: 
<14>Oct 25 21:40:28 ec2: #############################################################
<14>Oct 25 21:40:28 ec2: -----BEGIN SSH HOST KEY FINGERPRINTS-----
<14>Oct 25 21:40:28 ec2: 1024 SHA256:lzSIcSuv0eRn461Y/AqpxLLOukKLCaLHNuvPozBewI4 root@ubuntu-xenial (DSA)
<14>Oct 25 21:40:28 ec2: 256 SHA256:u9HnrcqvG619hRSvQu8zk5oDuRcx5gUevaTPkbA0Wis root@ubuntu-xenial (ECDSA)
<14>Oct 25 21:40:28 ec2: 256 SHA256:EfFNvRTTVRacd1y6R2BREl/zOw7RtNcHayDnSP3oP7w root@ubuntu-xenial (ED25519)
<14>Oct 25 21:40:28 ec2: 2048 SHA256:GpT8VsccXjpfX8Uy090TQAF5+wE/I8xJL0uCENZvYqs root@ubuntu-xenial (RSA)
<14>Oct 25 21:40:28 ec2: -----END SSH HOST KEY FINGERPRINTS-----
<14>Oct 25 21:40:28 ec2: #############################################################
-----BEGIN SSH HOST KEY KEYS-----
ecdsa-sha2-nistp256 AAAAE2VjZHNhLXNoYTItbmlzdHAyNTYAAAAIbmlzdHAyNTYAAABBBCxZV8HUUQm6XjEqElBYdyuSWzn3Q1AepHfbuNBwIv9LD7K5jh5ZcnvxhTfZATKZ2FfGIB/fqzAIxXL8sC09WdY= root@ubuntu-xenial
ssh-ed25519 AAAAC3NzaC1lZDI1NTE5AAAAINnvATR0u/k+auNlU1jvTzVfpRlzMCm7zdV2nyHHvl44 root@ubuntu-xenial
ssh-rsa AAAAB3NzaC1yc2EAAAADAQABAAABAQDSOGDKHztd71br8IMm3x+gRV11TbRdCMECDi7alUEfq5NDfwsa2K6XGoe1RW1AzWCC736UrYJOFxWRpDhg02TqDvkbgz59J/DbeJ1cQAQLsJBrfIC7nOpkQGvbo+u5AAJgFCdMklgFOs9FOr3MfyeYgF7UE8oip82hW6vuBfca78b54fD1HjWmmZGply4WOf3ELVNJP3OCy+6tlDzg5LR7vH1BFv1cSqV5S5gJXCtbfTKhMAifljp74lpyBI8EoRTOea07DAzWDnp29aVN8LaDSzeuvxBRLcdRn7/xc3HlSaN0PtMl4Pmu6cYUd7Z8S//NJl3w/BknVn++ebO50KXF root@ubuntu-xenial
-----END SSH HOST KEY KEYS-----
[   15.511479] cloud-init[1703]: Cloud-init v. 18.5-45-g3554ffe8-0ubuntu1~16.04.1 running 'modules:final' at Fri, 25 Oct 2019 21:40:28 +0000. Up 15.38 seconds.
[   15.514680] cloud-init[1703]: ci-info: no authorized ssh keys fingerprints found for user ubuntu.
[   15.519321] cloud-init[1703]: Cloud-init v. 18.5-45-g3554ffe8-0ubuntu1~16.04.1 finished at Fri, 25 Oct 2019 21:40:28 +0000. Datasource DataSourceNoCloud [seed=/dev/sdb][dsmode=net].  Up 15.50 seconds
[[0;32m  OK  [0m] Started Execute cloud user/final scripts.
[[0;32m  OK  [0m] Reached target Cloud-init target.

Ubuntu 16.04.6 LTS ubuntu-xenial ttyS0

ubuntu-xenial login: 